<?xml version="1.0" encoding="UTF-8"?>
<Site BuildName="Win32-mingw32-make"
	BuildStamp="20241001-0215-Experimental"
	Name="Caspessoa"
	Generator="ctest-3.30.4"
	CompilerName="C:/Users/cassi/Documents/x86_64-13.1.0-release-posix-seh-msvcrt-rt_v11-rev1/MinGW 64 bits/bin/g++.exe"
	CompilerVersion="13.1.0"
	OSName="Windows"
	Hostname="Caspessoa"
	OSRelease=" Personal"
	OSVersion=" (Build 22631)"
	OSPlatform="AMD64"
	Is64Bits="1"
	VendorString="AuthenticAMD"
	VendorID="Advanced Micro Devices"
	FamilyID="15"
	ModelID="0"
	ProcessorCacheSize="64"
	NumberOfLogicalCPU="12"
	NumberOfPhysicalCPU="6"
	TotalVirtualMemory="19580"
	TotalPhysicalMemory="16252"
	LogicalProcessorsPerPhysical="2"
	ProcessorClockFrequency="3593"
	>
	<Testing>
		<StartDateTime>Sep 30 23:15 Hora oficial do Brasil</StartDateTime>
		<StartTestTime>1727748941</StartTestTime>
		<TestList/>
		<EndDateTime>Sep 30 23:15 Hora oficial do Brasil</EndDateTime>
		<EndTestTime>1727748941</EndTestTime>
		<ElapsedMinutes>0</ElapsedMinutes>
	</Testing>
</Site>
